[debug] [2026-02-15T18:59:31.171Z] ----------------------------------------------------------------------
[debug] [2026-02-15T18:59:31.173Z] Command:       C:\Program Files\nodejs\node.exe C:\Users\ggorman\AppData\Roaming\npm\node_modules\firebase-tools\lib\bin\firebase.js deploy
[debug] [2026-02-15T18:59:31.173Z] CLI Version:   15.6.0
[debug] [2026-02-15T18:59:31.173Z] Platform:      win32
[debug] [2026-02-15T18:59:31.173Z] Node Version:  v24.13.0
[debug] [2026-02-15T18:59:31.173Z] Time:          Sun Feb 15 2026 13:59:31 GMT-0500 (Eastern Standard Time)
[debug] [2026-02-15T18:59:31.173Z] ----------------------------------------------------------------------
[debug] 
[debug] [2026-02-15T18:59:32.909Z] > command requires scopes: ["email","openid","https://www.googleapis.com/auth/cloudplatformprojects.readonly","https://www.googleapis.com/auth/firebase","https://www.googleapis.com/auth/cloud-platform"]
[debug] [2026-02-15T18:59:32.909Z] > authorizing via signed-in user (graeme.gorman2@gmail.com)
[debug] [2026-02-15T18:59:32.909Z] [iam] checking project ancientrealmsofmystery for permissions ["firebase.projects.get","firebasehosting.sites.update"]
[debug] [2026-02-15T18:59:32.910Z] Checked if tokens are valid: true, expires at: 1771184226156
[debug] [2026-02-15T18:59:32.911Z] Checked if tokens are valid: true, expires at: 1771184226156
[debug] [2026-02-15T18:59:32.911Z] >>> [apiv2][query] POST https://cloudresourcemanager.googleapis.com/v1/projects/ancientrealmsofmystery:testIamPermissions [none]
[debug] [2026-02-15T18:59:32.912Z] >>> [apiv2][(partial)header] POST https://cloudresourcemanager.googleapis.com/v1/projects/ancientrealmsofmystery:testIamPermissions  x-goog-user-project=ancientrealmsofmystery
[debug] [2026-02-15T18:59:32.912Z] >>> [apiv2][body] POST https://cloudresourcemanager.googleapis.com/v1/projects/ancientrealmsofmystery:testIamPermissions {"permissions":["firebase.projects.get","firebasehosting.sites.update"]}
[debug] [2026-02-15T18:59:33.141Z] <<< [apiv2][status] POST https://cloudresourcemanager.googleapis.com/v1/projects/ancientrealmsofmystery:testIamPermissions 200
[debug] [2026-02-15T18:59:33.141Z] <<< [apiv2][body] POST https://cloudresourcemanager.googleapis.com/v1/projects/ancientrealmsofmystery:testIamPermissions {"permissions":["firebase.projects.get","firebasehosting.sites.update"]}
[debug] [2026-02-15T18:59:33.142Z] Checked if tokens are valid: true, expires at: 1771184226156
[debug] [2026-02-15T18:59:33.142Z] Checked if tokens are valid: true, expires at: 1771184226156
[debug] [2026-02-15T18:59:33.142Z] >>> [apiv2][query] GET https://firebase.googleapis.com/v1beta1/projects/ancientrealmsofmystery [none]
[debug] [2026-02-15T18:59:33.475Z] <<< [apiv2][status] GET https://firebase.googleapis.com/v1beta1/projects/ancientrealmsofmystery 200
[debug] [2026-02-15T18:59:33.475Z] <<< [apiv2][body] GET https://firebase.googleapis.com/v1beta1/projects/ancientrealmsofmystery {"projectId":"ancientrealmsofmystery","projectNumber":"394155609681","displayName":"ancientrealmsofmystery","name":"projects/ancientrealmsofmystery","resources":{"hostingSite":"ancientrealmsofmystery"},"state":"ACTIVE","etag":"1_bc09fc12-a970-4e18-b2f1-377a026f6756"}
[info] 
[info] === Deploying to 'ancientrealmsofmystery'...
[info] 
[info] i  deploying hosting 
[debug] [2026-02-15T18:59:33.480Z] Checked if tokens are valid: true, expires at: 1771184226156
[debug] [2026-02-15T18:59:33.480Z] Checked if tokens are valid: true, expires at: 1771184226156
[debug] [2026-02-15T18:59:33.480Z] >>> [apiv2][query] POST https://firebasehosting.googleapis.com/v1beta1/projects/-/sites/ancientrealmsofmystery/versions [none]
[debug] [2026-02-15T18:59:33.480Z] >>> [apiv2][body] POST https://firebasehosting.googleapis.com/v1beta1/projects/-/sites/ancientrealmsofmystery/versions {"status":"CREATED","labels":{"deployment-tool":"cli-firebase"}}
